.LOG

2023-08-06 14:30:45 - INFO - Application started
2023-08-06 14:31:15 - WARNING - Invalid input received
2023-08-06 14:32:05 - ERROR - File not found: data.txt
2023-08-06 14:33:30 - INFO - User login successful for user: john_doe
2023-08-06 14:34:20 - ERROR - Database connection failed
2023-08-06 14:35:00 - INFO - Data processing completed
2023-08-06 14:36:10 - INFO - File downloaded: report.pdf
2023-08-06 14:37:45 - WARNING - Disk space low
2023-08-06 14:38:55 - ERROR - Unable to save settings
2023-08-06 14:40:25 - INFO - Application terminated
2023-08-06 14:42:10 - ERROR - Network connection lost
2023-08-06 14:44:05 - INFO - User logout for user: john_doe
2023-08-06 14:45:30 - INFO - Data backup started
2023-08-06 14:46:40 - WARNING - Slow response time
2023-08-06 14:47:55 - ERROR - Permission denied for file: confidential.docx
2023-08-06 14:50:00 - INFO - File uploaded: image.jpg
2023-08-06 14:51:20 - INFO - Database backup completed
2023-08-06 14:53:15 - WARNING - Insufficient memory
2023-08-06 14:55:00 - ERROR - Server crashed
2023-08-06 14:57:30 - INFO - Data import started
2023-08-06 14:58:45 - INFO - Importing records from data_source.csv
2023-08-06 15:00:15 - ERROR - Invalid configuration settings

11:03 PM 8/6/2023
